<?xml version="1.0" encoding="UTF-8"?>
<!-- Generated by org.testng.reporters.JUnitXMLReporter -->
<testsuite ignored="0" hostname="DESKTOP-VALH97O" failures="0" tests="6" name="Test" time="99.221" errors="0" timestamp="2023-12-14T08:02:50 IST">
  <testcase classname="testNGAssignment.Flipkart" name="Close_Login_Popup" time="0.682"/>
  <testcase classname="testNGAssignment.Flipkart" name="Verify_SearchBox" time="20.295"/>
  <testcase classname="testNGAssignment.Flipkart" name="Click_on_shirt" time="2.426"/>
  <testcase classname="testNGAssignment.Flipkart" name="Switch_Child_Window" time="0.279"/>
  <testcase classname="testNGAssignment.Flipkart" name="Add_to_cart" time="0.214"/>
  <testcase classname="testNGAssignment.Flipkart" name="Place_order" time="15.577"/>
</testsuite> <!-- Test -->
